<?xml version="1.0" encoding="UTF-8"?>
<!-- Generated by org.testng.reporters.JUnitXMLReporter -->
<testsuite hostname="DESKTOP-E2DUOMM" ignored="2" name="Test" tests="5" failures="1" timestamp="2019-12-05T13:37:14 EST" time="33.05" errors="0">
  <testcase name="transferfunds" time="7.52" classname="testcases.Testcase_Transferfunds"/>
  <testcase name="validateAddPayee" time="7.745" classname="testcases.Testcase_AddPAyee"/>
  <testcase name="login" time="5.181" classname="testcases.Testcase_Login"/>
  <testcase name="login" time="5.359" classname="testcases.Testcase_Login"/>
  <testcase name="login" time="5.288" classname="testcases.Testcase_Login">
    <failure type="java.lang.AssertionError" message="expected [Zero - Log in] but found [Zero - Account Summary]">
      <![CDATA[java.lang.AssertionError: expected [Zero - Log in] but found [Zero - Account Summary]
at testcases.Testcase_Login.login(Testcase_Login.java:36)
at java.util.ArrayList.forEach(ArrayList.java:1257)
... Removed 32 stack frames]]>
    </failure>
  </testcase> <!-- login -->
  <testcase name="@AfterTest quitBrowser" time="0.0" classname="base.Page">
    <ignored/>
  </testcase> <!-- @AfterTest quitBrowser -->
  <testcase name="@AfterTest quitBrowser" time="0.0" classname="base.Page">
    <ignored/>
  </testcase> <!-- @AfterTest quitBrowser -->
</testsuite> <!-- Test -->
